1560339337052	mozrunner::runner	INFO	Running command: "/usr/bin/firefox" "-marionette" "-foreground" "-no-remote" "-profile" "/tmp/rust_mozprofile.V8bRvKeAxs22"
1560339337521	addons.webextension.screenshots@mozilla.org	WARN	Loading extension 'screenshots@mozilla.org': Reading manifest: Invalid extension permission: mozillaAddons
1560339337521	addons.webextension.screenshots@mozilla.org	WARN	Loading extension 'screenshots@mozilla.org': Reading manifest: Invalid extension permission: resource://pdf.js/
1560339337522	addons.webextension.screenshots@mozilla.org	WARN	Loading extension 'screenshots@mozilla.org': Reading manifest: Invalid extension permission: about:reader*
IPDL protocol Error: Received an invalid file descriptor
IPDL protocol Error: Received an invalid file descriptor
1560339338660	Marionette	INFO	Listening on port 44547
1560339338761	Marionette	WARN	TLS certificate errors will be ignored for this session
IPDL protocol Error: Received an invalid file descriptor
[Parent 17758, Gecko_IOThread] WARNING: pipe error (68): Connection reset by peer: file /build/firefox/src/mozilla-unified/ipc/chromium/src/chrome/common/ipc_channel_posix.cc, line 357
[Parent 17758, Gecko_IOThread] WARNING: pipe error (97): Connection reset by peer: file /build/firefox/src/mozilla-unified/ipc/chromium/src/chrome/common/ipc_channel_posix.cc, line 357
1560339346510	Marionette	INFO	Stopped listening on port 44547
1560339347510	mozrunner::runner	INFO	Running command: "/usr/bin/firefox" "-marionette" "-foreground" "-no-remote" "-profile" "/tmp/rust_mozprofile.8j20CRicuaAP"
1560339347857	addons.webextension.screenshots@mozilla.org	WARN	Loading extension 'screenshots@mozilla.org': Reading manifest: Invalid extension permission: mozillaAddons
1560339347857	addons.webextension.screenshots@mozilla.org	WARN	Loading extension 'screenshots@mozilla.org': Reading manifest: Invalid extension permission: resource://pdf.js/
1560339347857	addons.webextension.screenshots@mozilla.org	WARN	Loading extension 'screenshots@mozilla.org': Reading manifest: Invalid extension permission: about:reader*
IPDL protocol Error: Received an invalid file descriptor
IPDL protocol Error: Received an invalid file descriptor
1560339348874	Marionette	INFO	Listening on port 34121
1560339348917	Marionette	WARN	TLS certificate errors will be ignored for this session
IPDL protocol Error: Received an invalid file descriptor
[Parent 18586, Gecko_IOThread] WARNING: pipe error (66): Connection reset by peer: file /build/firefox/src/mozilla-unified/ipc/chromium/src/chrome/common/ipc_channel_posix.cc, line 357
[Parent 18586, Gecko_IOThread] WARNING: pipe error (79): Connection reset by peer: file /build/firefox/src/mozilla-unified/ipc/chromium/src/chrome/common/ipc_channel_posix.cc, line 357
[Parent 18586, Gecko_IOThread] WARNING: pipe error (120): Connection reset by peer: file /build/firefox/src/mozilla-unified/ipc/chromium/src/chrome/common/ipc_channel_posix.cc, line 357
1560339353191	Marionette	INFO	Stopped listening on port 34121
1560339364333	mozrunner::runner	INFO	Running command: "/usr/bin/firefox" "-marionette" "-foreground" "-no-remote" "-profile" "/tmp/rust_mozprofile.GH5oI81PbaLv"
1560339364691	addons.webextension.screenshots@mozilla.org	WARN	Loading extension 'screenshots@mozilla.org': Reading manifest: Invalid extension permission: mozillaAddons
1560339364691	addons.webextension.screenshots@mozilla.org	WARN	Loading extension 'screenshots@mozilla.org': Reading manifest: Invalid extension permission: resource://pdf.js/
1560339364691	addons.webextension.screenshots@mozilla.org	WARN	Loading extension 'screenshots@mozilla.org': Reading manifest: Invalid extension permission: about:reader*
IPDL protocol Error: Received an invalid file descriptor
IPDL protocol Error: Received an invalid file descriptor
1560339365756	Marionette	INFO	Listening on port 33719
1560339365838	Marionette	WARN	TLS certificate errors will be ignored for this session
IPDL protocol Error: Received an invalid file descriptor
[Parent 19684, Gecko_IOThread] WARNING: pipe error (120): Connection reset by peer: file /build/firefox/src/mozilla-unified/ipc/chromium/src/chrome/common/ipc_channel_posix.cc, line 357
IPDL protocol Error: Received an invalid file descriptor
1560339395227	Marionette	INFO	Stopped listening on port 33719
1560339582163	mozrunner::runner	INFO	Running command: "/usr/bin/firefox" "-marionette" "-foreground" "-no-remote" "-profile" "/tmp/rust_mozprofile.4lXJmGPJrlDW"
1560339582512	addons.webextension.screenshots@mozilla.org	WARN	Loading extension 'screenshots@mozilla.org': Reading manifest: Invalid extension permission: mozillaAddons
1560339582512	addons.webextension.screenshots@mozilla.org	WARN	Loading extension 'screenshots@mozilla.org': Reading manifest: Invalid extension permission: resource://pdf.js/
1560339582513	addons.webextension.screenshots@mozilla.org	WARN	Loading extension 'screenshots@mozilla.org': Reading manifest: Invalid extension permission: about:reader*
IPDL protocol Error: Received an invalid file descriptor
IPDL protocol Error: Received an invalid file descriptor
1560339583629	Marionette	INFO	Listening on port 33095
1560339583677	Marionette	WARN	TLS certificate errors will be ignored for this session
IPDL protocol Error: Received an invalid file descriptor
1560339594398	Marionette	INFO	Stopped listening on port 33095
1560339634977	mozrunner::runner	INFO	Running command: "/usr/bin/firefox" "-marionette" "-foreground" "-no-remote" "-profile" "/tmp/rust_mozprofile.CWzLyYrKycnR"
1560339635332	addons.webextension.screenshots@mozilla.org	WARN	Loading extension 'screenshots@mozilla.org': Reading manifest: Invalid extension permission: mozillaAddons
1560339635332	addons.webextension.screenshots@mozilla.org	WARN	Loading extension 'screenshots@mozilla.org': Reading manifest: Invalid extension permission: resource://pdf.js/
1560339635332	addons.webextension.screenshots@mozilla.org	WARN	Loading extension 'screenshots@mozilla.org': Reading manifest: Invalid extension permission: about:reader*
IPDL protocol Error: Received an invalid file descriptor
IPDL protocol Error: Received an invalid file descriptor
1560339636416	Marionette	INFO	Listening on port 33151
1560339636482	Marionette	WARN	TLS certificate errors will be ignored for this session
IPDL protocol Error: Received an invalid file descriptor
[Parent 31620, Gecko_IOThread] WARNING: pipe error (87): Connection reset by peer: file /build/firefox/src/mozilla-unified/ipc/chromium/src/chrome/common/ipc_channel_posix.cc, line 357
1560339654171	Marionette	INFO	Stopped listening on port 33151
1560339654927	mozrunner::runner	INFO	Running command: "/usr/bin/firefox" "-marionette" "-foreground" "-no-remote" "-profile" "/tmp/rust_mozprofile.Se2MCcpaUCQa"
1560339655275	addons.webextension.screenshots@mozilla.org	WARN	Loading extension 'screenshots@mozilla.org': Reading manifest: Invalid extension permission: mozillaAddons
1560339655275	addons.webextension.screenshots@mozilla.org	WARN	Loading extension 'screenshots@mozilla.org': Reading manifest: Invalid extension permission: resource://pdf.js/
1560339655275	addons.webextension.screenshots@mozilla.org	WARN	Loading extension 'screenshots@mozilla.org': Reading manifest: Invalid extension permission: about:reader*
IPDL protocol Error: Received an invalid file descriptor
IPDL protocol Error: Received an invalid file descriptor
1560339656207	Marionette	INFO	Listening on port 37807
1560339656251	Marionette	WARN	TLS certificate errors will be ignored for this session
IPDL protocol Error: Received an invalid file descriptor
[Parent 305, Gecko_IOThread] WARNING: pipe error (119): Connection reset by peer: file /build/firefox/src/mozilla-unified/ipc/chromium/src/chrome/common/ipc_channel_posix.cc, line 357
[Parent 305, Gecko_IOThread] WARNING: pipe error (93): Connection reset by peer: file /build/firefox/src/mozilla-unified/ipc/chromium/src/chrome/common/ipc_channel_posix.cc, line 357
1560339692527	Marionette	INFO	Stopped listening on port 37807
1560339693380	mozrunner::runner	INFO	Running command: "/usr/bin/firefox" "-marionette" "-foreground" "-no-remote" "-profile" "/tmp/rust_mozprofile.ljQAHHPjIbB7"
1560339693732	addons.webextension.screenshots@mozilla.org	WARN	Loading extension 'screenshots@mozilla.org': Reading manifest: Invalid extension permission: mozillaAddons
1560339693733	addons.webextension.screenshots@mozilla.org	WARN	Loading extension 'screenshots@mozilla.org': Reading manifest: Invalid extension permission: resource://pdf.js/
1560339693733	addons.webextension.screenshots@mozilla.org	WARN	Loading extension 'screenshots@mozilla.org': Reading manifest: Invalid extension permission: about:reader*
IPDL protocol Error: Received an invalid file descriptor
IPDL protocol Error: Received an invalid file descriptor
1560339694780	Marionette	INFO	Listening on port 36823
1560339694792	Marionette	WARN	TLS certificate errors will be ignored for this session
IPDL protocol Error: Received an invalid file descriptor
[Parent 2286, Gecko_IOThread] WARNING: pipe error (121): Connection reset by peer: file /build/firefox/src/mozilla-unified/ipc/chromium/src/chrome/common/ipc_channel_posix.cc, line 357
IPDL protocol Error: Received an invalid file descriptor
1560339744123	Marionette	INFO	Stopped listening on port 36823
1560339988845	mozrunner::runner	INFO	Running command: "/usr/bin/firefox" "-marionette" "-foreground" "-no-remote" "-profile" "/tmp/rust_mozprofile.DtilAkhRk35I"
1560339989351	addons.webextension.screenshots@mozilla.org	WARN	Loading extension 'screenshots@mozilla.org': Reading manifest: Invalid extension permission: mozillaAddons
1560339989351	addons.webextension.screenshots@mozilla.org	WARN	Loading extension 'screenshots@mozilla.org': Reading manifest: Invalid extension permission: resource://pdf.js/
1560339989351	addons.webextension.screenshots@mozilla.org	WARN	Loading extension 'screenshots@mozilla.org': Reading manifest: Invalid extension permission: about:reader*
IPDL protocol Error: Received an invalid file descriptor
IPDL protocol Error: Received an invalid file descriptor
1560339990502	Marionette	INFO	Listening on port 45413
1560339990561	Marionette	WARN	TLS certificate errors will be ignored for this session
IPDL protocol Error: Received an invalid file descriptor

###!!! [Child][RunMessage] Error: Channel closing: too late to send/recv, messages will be lost

[Parent 14922, Gecko_IOThread] WARNING: pipe error (68): Connection reset by peer: file /build/firefox/src/mozilla-unified/ipc/chromium/src/chrome/common/ipc_channel_posix.cc, line 357
1560340090941	Marionette	INFO	Stopped listening on port 45413
1560340091937	mozrunner::runner	INFO	Running command: "/usr/bin/firefox" "-marionette" "-foreground" "-no-remote" "-profile" "/tmp/rust_mozprofile.mCsKr4ZGr7NM"
1560340092303	addons.webextension.screenshots@mozilla.org	WARN	Loading extension 'screenshots@mozilla.org': Reading manifest: Invalid extension permission: mozillaAddons
1560340092303	addons.webextension.screenshots@mozilla.org	WARN	Loading extension 'screenshots@mozilla.org': Reading manifest: Invalid extension permission: resource://pdf.js/
1560340092303	addons.webextension.screenshots@mozilla.org	WARN	Loading extension 'screenshots@mozilla.org': Reading manifest: Invalid extension permission: about:reader*
IPDL protocol Error: Received an invalid file descriptor
IPDL protocol Error: Received an invalid file descriptor
1560340093368	Marionette	INFO	Listening on port 41233
1560340093443	Marionette	WARN	TLS certificate errors will be ignored for this session
IPDL protocol Error: Received an invalid file descriptor
console.error: BroadcastService: 
  receivedBroadcastMessage: handler for
  remote-settings/monitor_changes
  threw error:
  Message: Error: Polling for changes failed: NetworkError when attempting to fetch resource..
  Stack:
    remoteSettingsFunction/remoteSettings.pollChanges@resource://services-settings/remote-settings.js:190:13

Exiting due to channel error.
[Child 19592, Chrome_ChildThread] WARNING: pipe error (3): Connection reset by peer: file /build/firefox/src/mozilla-unified/ipc/chromium/src/chrome/common/ipc_channel_posix.cc, line 357
Exiting due to channel error.
Exiting due to channel error.
1560340170663	mozrunner::runner	INFO	Running command: "/usr/bin/firefox" "-marionette" "-foreground" "-no-remote" "-profile" "/tmp/rust_mozprofile.urd0r8zkwHnh"
1560340170988	addons.webextension.screenshots@mozilla.org	WARN	Loading extension 'screenshots@mozilla.org': Reading manifest: Invalid extension permission: mozillaAddons
1560340170989	addons.webextension.screenshots@mozilla.org	WARN	Loading extension 'screenshots@mozilla.org': Reading manifest: Invalid extension permission: resource://pdf.js/
1560340170992	addons.webextension.screenshots@mozilla.org	WARN	Loading extension 'screenshots@mozilla.org': Reading manifest: Invalid extension permission: about:reader*
IPDL protocol Error: Received an invalid file descriptor
IPDL protocol Error: Received an invalid file descriptor
1560340172029	Marionette	INFO	Listening on port 42561
1560340172103	Marionette	WARN	TLS certificate errors will be ignored for this session
IPDL protocol Error: Received an invalid file descriptor
[Parent 23048, Gecko_IOThread] WARNING: pipe error (97): Connection reset by peer: file /build/firefox/src/mozilla-unified/ipc/chromium/src/chrome/common/ipc_channel_posix.cc, line 357
[Parent 23048, Gecko_IOThread] WARNING: pipe error (119): Connection reset by peer: file /build/firefox/src/mozilla-unified/ipc/chromium/src/chrome/common/ipc_channel_posix.cc, line 357
1560340216020	Marionette	INFO	Stopped listening on port 42561
1560340217862	mozrunner::runner	INFO	Running command: "/usr/bin/firefox" "-marionette" "-foreground" "-no-remote" "-profile" "/tmp/rust_mozprofile.Fnqd6YUUOA76"
1560340218208	addons.webextension.screenshots@mozilla.org	WARN	Loading extension 'screenshots@mozilla.org': Reading manifest: Invalid extension permission: mozillaAddons
1560340218209	addons.webextension.screenshots@mozilla.org	WARN	Loading extension 'screenshots@mozilla.org': Reading manifest: Invalid extension permission: resource://pdf.js/
1560340218209	addons.webextension.screenshots@mozilla.org	WARN	Loading extension 'screenshots@mozilla.org': Reading manifest: Invalid extension permission: about:reader*
IPDL protocol Error: Received an invalid file descriptor
IPDL protocol Error: Received an invalid file descriptor
1560340219236	Marionette	INFO	Listening on port 45439
1560340219272	Marionette	WARN	TLS certificate errors will be ignored for this session
IPDL protocol Error: Received an invalid file descriptor
Exiting due to channel error.
Exiting due to channel error.
Exiting due to channel error.
1560340268840	mozrunner::runner	INFO	Running command: "/usr/bin/firefox" "-marionette" "-foreground" "-no-remote" "-profile" "/tmp/rust_mozprofile.uI4ALSLwNG4q"
1560340269196	addons.webextension.screenshots@mozilla.org	WARN	Loading extension 'screenshots@mozilla.org': Reading manifest: Invalid extension permission: mozillaAddons
1560340269196	addons.webextension.screenshots@mozilla.org	WARN	Loading extension 'screenshots@mozilla.org': Reading manifest: Invalid extension permission: resource://pdf.js/
1560340269196	addons.webextension.screenshots@mozilla.org	WARN	Loading extension 'screenshots@mozilla.org': Reading manifest: Invalid extension permission: about:reader*
IPDL protocol Error: Received an invalid file descriptor
IPDL protocol Error: Received an invalid file descriptor
1560340270213	Marionette	INFO	Listening on port 40499
1560340270251	Marionette	WARN	TLS certificate errors will be ignored for this session
IPDL protocol Error: Received an invalid file descriptor
console.error: BroadcastService: 
  receivedBroadcastMessage: handler for
  remote-settings/monitor_changes
  threw error:
  Message: Error: Polling for changes failed: NetworkError when attempting to fetch resource..
  Stack:
    remoteSettingsFunction/remoteSettings.pollChanges@resource://services-settings/remote-settings.js:190:13

[Parent 27747, Gecko_IOThread] WARNING: pipe error (87): Connection reset by peer: file /build/firefox/src/mozilla-unified/ipc/chromium/src/chrome/common/ipc_channel_posix.cc, line 357
[Parent 27747, Gecko_IOThread] WARNING: pipe error (121): Connection reset by peer: file /build/firefox/src/mozilla-unified/ipc/chromium/src/chrome/common/ipc_channel_posix.cc, line 357
1560340528669	Marionette	INFO	Stopped listening on port 40499
1560340529685	mozrunner::runner	INFO	Running command: "/usr/bin/firefox" "-marionette" "-foreground" "-no-remote" "-profile" "/tmp/rust_mozprofile.g4K0oeQziDoH"
1560340530032	addons.webextension.screenshots@mozilla.org	WARN	Loading extension 'screenshots@mozilla.org': Reading manifest: Invalid extension permission: mozillaAddons
1560340530032	addons.webextension.screenshots@mozilla.org	WARN	Loading extension 'screenshots@mozilla.org': Reading manifest: Invalid extension permission: resource://pdf.js/
1560340530032	addons.webextension.screenshots@mozilla.org	WARN	Loading extension 'screenshots@mozilla.org': Reading manifest: Invalid extension permission: about:reader*
IPDL protocol Error: Received an invalid file descriptor
IPDL protocol Error: Received an invalid file descriptor
1560340531093	Marionette	INFO	Listening on port 38167
1560340531194	Marionette	WARN	TLS certificate errors will be ignored for this session
IPDL protocol Error: Received an invalid file descriptor
console.error: BroadcastService: 
  receivedBroadcastMessage: handler for
  remote-settings/monitor_changes
  threw error:
  Message: Error: Polling for changes failed: NetworkError when attempting to fetch resource..
  Stack:
    remoteSettingsFunction/remoteSettings.pollChanges@resource://services-settings/remote-settings.js:190:13

console.error: BroadcastService: 
  receivedBroadcastMessage: handler for
  remote-settings/monitor_changes
  threw error:
  Message: Error: Polling for changes failed: NetworkError when attempting to fetch resource..
  Stack:
    remoteSettingsFunction/remoteSettings.pollChanges@resource://services-settings/remote-settings.js:190:13

1560340891292	mozrunner::runner	INFO	Running command: "/usr/bin/firefox" "-marionette" "-foreground" "-no-remote" "-profile" "/tmp/rust_mozprofile.i7Fd0egRtYMA"
1560340891646	addons.webextension.screenshots@mozilla.org	WARN	Loading extension 'screenshots@mozilla.org': Reading manifest: Invalid extension permission: mozillaAddons
1560340891647	addons.webextension.screenshots@mozilla.org	WARN	Loading extension 'screenshots@mozilla.org': Reading manifest: Invalid extension permission: resource://pdf.js/
1560340891647	addons.webextension.screenshots@mozilla.org	WARN	Loading extension 'screenshots@mozilla.org': Reading manifest: Invalid extension permission: about:reader*
IPDL protocol Error: Received an invalid file descriptor
IPDL protocol Error: Received an invalid file descriptor
1560340892753	Marionette	INFO	Listening on port 33797
1560340892800	Marionette	WARN	TLS certificate errors will be ignored for this session
IPDL protocol Error: Received an invalid file descriptor
1560340894603	Marionette	INFO	Stopped listening on port 38167
console.error: BroadcastService: 
  receivedBroadcastMessage: handler for
  remote-settings/monitor_changes
  threw error:
  Message: Error: Polling for changes failed: NetworkError when attempting to fetch resource..
  Stack:
    remoteSettingsFunction/remoteSettings.pollChanges@resource://services-settings/remote-settings.js:190:13

[Parent 20829, Gecko_IOThread] WARNING: pipe error (94): Connection reset by peer: file /build/firefox/src/mozilla-unified/ipc/chromium/src/chrome/common/ipc_channel_posix.cc, line 357
[Parent 20829, Gecko_IOThread] WARNING: pipe error (119): Connection reset by peer: file /build/firefox/src/mozilla-unified/ipc/chromium/src/chrome/common/ipc_channel_posix.cc, line 357
1560340954341	Marionette	INFO	Stopped listening on port 33797
1560340958077	mozrunner::runner	INFO	Running command: "/usr/bin/firefox" "-marionette" "-foreground" "-no-remote" "-profile" "/tmp/rust_mozprofile.wwkCDxcutpfv"
1560340958428	addons.webextension.screenshots@mozilla.org	WARN	Loading extension 'screenshots@mozilla.org': Reading manifest: Invalid extension permission: mozillaAddons
1560340958428	addons.webextension.screenshots@mozilla.org	WARN	Loading extension 'screenshots@mozilla.org': Reading manifest: Invalid extension permission: resource://pdf.js/
1560340958429	addons.webextension.screenshots@mozilla.org	WARN	Loading extension 'screenshots@mozilla.org': Reading manifest: Invalid extension permission: about:reader*
IPDL protocol Error: Received an invalid file descriptor
IPDL protocol Error: Received an invalid file descriptor
1560340959487	Marionette	INFO	Listening on port 33737
1560340959586	Marionette	WARN	TLS certificate errors will be ignored for this session
IPDL protocol Error: Received an invalid file descriptor
Exiting due to channel error.
Exiting due to channel error.
Exiting due to channel error.
1560340975647	mozrunner::runner	INFO	Running command: "/usr/bin/firefox" "-marionette" "-foreground" "-no-remote" "-profile" "/tmp/rust_mozprofile.BQvUqfSbQdtr"
1560340975986	addons.webextension.screenshots@mozilla.org	WARN	Loading extension 'screenshots@mozilla.org': Reading manifest: Invalid extension permission: mozillaAddons
1560340975987	addons.webextension.screenshots@mozilla.org	WARN	Loading extension 'screenshots@mozilla.org': Reading manifest: Invalid extension permission: resource://pdf.js/
1560340975987	addons.webextension.screenshots@mozilla.org	WARN	Loading extension 'screenshots@mozilla.org': Reading manifest: Invalid extension permission: about:reader*
IPDL protocol Error: Received an invalid file descriptor
IPDL protocol Error: Received an invalid file descriptor
1560340977041	Marionette	INFO	Listening on port 40691
1560340977055	Marionette	WARN	TLS certificate errors will be ignored for this session
IPDL protocol Error: Received an invalid file descriptor
console.error: BroadcastService: 
  receivedBroadcastMessage: handler for
  remote-settings/monitor_changes
  threw error:
  Message: Error: Polling for changes failed: NetworkError when attempting to fetch resource..
  Stack:
    remoteSettingsFunction/remoteSettings.pollChanges@resource://services-settings/remote-settings.js:190:13


###!!! [Child][RunMessage] Error: Channel closing: too late to send/recv, messages will be lost

[Parent 24888, Gecko_IOThread] WARNING: pipe error (79): Connection reset by peer: file /build/firefox/src/mozilla-unified/ipc/chromium/src/chrome/common/ipc_channel_posix.cc, line 357
1560341141348	Marionette	INFO	Stopped listening on port 40691
1560341212363	mozrunner::runner	INFO	Running command: "/usr/bin/firefox" "-marionette" "-foreground" "-no-remote" "-profile" "/tmp/rust_mozprofile.j2dtGUr8YB5h"
1560341212701	addons.webextension.screenshots@mozilla.org	WARN	Loading extension 'screenshots@mozilla.org': Reading manifest: Invalid extension permission: mozillaAddons
1560341212701	addons.webextension.screenshots@mozilla.org	WARN	Loading extension 'screenshots@mozilla.org': Reading manifest: Invalid extension permission: resource://pdf.js/
1560341212701	addons.webextension.screenshots@mozilla.org	WARN	Loading extension 'screenshots@mozilla.org': Reading manifest: Invalid extension permission: about:reader*
IPDL protocol Error: Received an invalid file descriptor
IPDL protocol Error: Received an invalid file descriptor
1560341213736	Marionette	INFO	Listening on port 45975
1560341213772	Marionette	WARN	TLS certificate errors will be ignored for this session
IPDL protocol Error: Received an invalid file descriptor
console.error: BroadcastService: 
  receivedBroadcastMessage: handler for
  remote-settings/monitor_changes
  threw error:
  Message: Error: Polling for changes failed: NetworkError when attempting to fetch resource..
  Stack:
    remoteSettingsFunction/remoteSettings.pollChanges@resource://services-settings/remote-settings.js:190:13

[Parent 2359, Gecko_IOThread] WARNING: pipe error (97): Connection reset by peer: file /build/firefox/src/mozilla-unified/ipc/chromium/src/chrome/common/ipc_channel_posix.cc, line 357
[Parent 2359, Gecko_IOThread] WARNING: pipe error (87): Connection reset by peer: file /build/firefox/src/mozilla-unified/ipc/chromium/src/chrome/common/ipc_channel_posix.cc, line 357
1560342152617	Marionette	INFO	Stopped listening on port 45975
1560342226082	mozrunner::runner	INFO	Running command: "/usr/bin/firefox" "-marionette" "-foreground" "-no-remote" "-profile" "/tmp/rust_mozprofile.ton3prI5SpqW"
1560342226424	addons.webextension.screenshots@mozilla.org	WARN	Loading extension 'screenshots@mozilla.org': Reading manifest: Invalid extension permission: mozillaAddons
1560342226424	addons.webextension.screenshots@mozilla.org	WARN	Loading extension 'screenshots@mozilla.org': Reading manifest: Invalid extension permission: resource://pdf.js/
1560342226424	addons.webextension.screenshots@mozilla.org	WARN	Loading extension 'screenshots@mozilla.org': Reading manifest: Invalid extension permission: about:reader*
IPDL protocol Error: Received an invalid file descriptor
IPDL protocol Error: Received an invalid file descriptor
1560342227505	Marionette	INFO	Listening on port 39137
1560342227587	Marionette	WARN	TLS certificate errors will be ignored for this session
IPDL protocol Error: Received an invalid file descriptor
[Parent 10489, Gecko_IOThread] WARNING: pipe error (68): Connection reset by peer: file /build/firefox/src/mozilla-unified/ipc/chromium/src/chrome/common/ipc_channel_posix.cc, line 357
[Parent 10489, Gecko_IOThread] WARNING: pipe error (97): Connection reset by peer: file /build/firefox/src/mozilla-unified/ipc/chromium/src/chrome/common/ipc_channel_posix.cc, line 357
[Parent 10489, Gecko_IOThread] WARNING: pipe error (120): Connection reset by peer: file /build/firefox/src/mozilla-unified/ipc/chromium/src/chrome/common/ipc_channel_posix.cc, line 357
1560342298027	Marionette	INFO	Stopped listening on port 39137
1560342306644	mozrunner::runner	INFO	Running command: "/usr/bin/firefox" "-marionette" "-foreground" "-no-remote" "-profile" "/tmp/rust_mozprofile.kjAJZnuTCpWm"
1560342307010	addons.webextension.screenshots@mozilla.org	WARN	Loading extension 'screenshots@mozilla.org': Reading manifest: Invalid extension permission: mozillaAddons
1560342307010	addons.webextension.screenshots@mozilla.org	WARN	Loading extension 'screenshots@mozilla.org': Reading manifest: Invalid extension permission: resource://pdf.js/
1560342307010	addons.webextension.screenshots@mozilla.org	WARN	Loading extension 'screenshots@mozilla.org': Reading manifest: Invalid extension permission: about:reader*
IPDL protocol Error: Received an invalid file descriptor
IPDL protocol Error: Received an invalid file descriptor
1560342308051	Marionette	INFO	Listening on port 41991
1560342308148	Marionette	WARN	TLS certificate errors will be ignored for this session
IPDL protocol Error: Received an invalid file descriptor
console.error: BroadcastService: 
  receivedBroadcastMessage: handler for
  remote-settings/monitor_changes
  threw error:
  Message: Error: Polling for changes failed: NetworkError when attempting to fetch resource..
  Stack:
    remoteSettingsFunction/remoteSettings.pollChanges@resource://services-settings/remote-settings.js:190:13

Exiting due to channel error.
Exiting due to channel error.
Exiting due to channel error.
1560342388108	mozrunner::runner	INFO	Running command: "/usr/bin/firefox" "-marionette" "-foreground" "-no-remote" "-profile" "/tmp/rust_mozprofile.Nh4XNoEXUYMw"
1560342388457	addons.webextension.screenshots@mozilla.org	WARN	Loading extension 'screenshots@mozilla.org': Reading manifest: Invalid extension permission: mozillaAddons
1560342388458	addons.webextension.screenshots@mozilla.org	WARN	Loading extension 'screenshots@mozilla.org': Reading manifest: Invalid extension permission: resource://pdf.js/
1560342388458	addons.webextension.screenshots@mozilla.org	WARN	Loading extension 'screenshots@mozilla.org': Reading manifest: Invalid extension permission: about:reader*
IPDL protocol Error: Received an invalid file descriptor
IPDL protocol Error: Received an invalid file descriptor
1560342389521	Marionette	INFO	Listening on port 36245
1560342389613	Marionette	WARN	TLS certificate errors will be ignored for this session
IPDL protocol Error: Received an invalid file descriptor
console.error: BroadcastService: 
  receivedBroadcastMessage: handler for
  remote-settings/monitor_changes
  threw error:
  Message: Error: Polling for changes failed: NetworkError when attempting to fetch resource..
  Stack:
    remoteSettingsFunction/remoteSettings.pollChanges@resource://services-settings/remote-settings.js:190:13

JavaScript error: resource://devtools/client/shared/widgets/tooltip/HTMLTooltip.js, line 272: TypeError: node.getBoxQuads(...)[0] is undefined
[Parent 17946, Gecko_IOThread] WARNING: pipe error: Broken pipe: file /build/firefox/src/mozilla-unified/ipc/chromium/src/chrome/common/ipc_channel_posix.cc, line 726
[Parent 17946, Gecko_IOThread] WARNING: pipe error (80): Connection reset by peer: file /build/firefox/src/mozilla-unified/ipc/chromium/src/chrome/common/ipc_channel_posix.cc, line 357
[Parent 17946, Gecko_IOThread] WARNING: pipe error (114): Connection reset by peer: file /build/firefox/src/mozilla-unified/ipc/chromium/src/chrome/common/ipc_channel_posix.cc, line 357
1560343016367	Marionette	INFO	Stopped listening on port 36245
1560343069350	mozrunner::runner	INFO	Running command: "/usr/bin/firefox" "-marionette" "-foreground" "-no-remote" "-profile" "/tmp/rust_mozprofile.PmIo3fgkLxn5"
1560343069691	addons.webextension.screenshots@mozilla.org	WARN	Loading extension 'screenshots@mozilla.org': Reading manifest: Invalid extension permission: mozillaAddons
1560343069692	addons.webextension.screenshots@mozilla.org	WARN	Loading extension 'screenshots@mozilla.org': Reading manifest: Invalid extension permission: resource://pdf.js/
1560343069692	addons.webextension.screenshots@mozilla.org	WARN	Loading extension 'screenshots@mozilla.org': Reading manifest: Invalid extension permission: about:reader*
IPDL protocol Error: Received an invalid file descriptor
IPDL protocol Error: Received an invalid file descriptor
1560343070755	Marionette	INFO	Listening on port 43565
1560343070855	Marionette	WARN	TLS certificate errors will be ignored for this session
IPDL protocol Error: Received an invalid file descriptor
console.error: BroadcastService: 
  receivedBroadcastMessage: handler for
  remote-settings/monitor_changes
  threw error:
  Message: Error: Polling for changes failed: NetworkError when attempting to fetch resource..
  Stack:
    remoteSettingsFunction/remoteSettings.pollChanges@resource://services-settings/remote-settings.js:190:13

Exiting due to channel error.
Exiting due to channel error.
Exiting due to channel error.
1560344200529	mozrunner::runner	INFO	Running command: "/usr/bin/firefox" "-marionette" "-foreground" "-no-remote" "-profile" "/tmp/rust_mozprofile.W6wWToXlWKiE"
1560344200888	addons.webextension.screenshots@mozilla.org	WARN	Loading extension 'screenshots@mozilla.org': Reading manifest: Invalid extension permission: mozillaAddons
1560344200888	addons.webextension.screenshots@mozilla.org	WARN	Loading extension 'screenshots@mozilla.org': Reading manifest: Invalid extension permission: resource://pdf.js/
1560344200888	addons.webextension.screenshots@mozilla.org	WARN	Loading extension 'screenshots@mozilla.org': Reading manifest: Invalid extension permission: about:reader*
IPDL protocol Error: Received an invalid file descriptor
IPDL protocol Error: Received an invalid file descriptor
1560344201952	Marionette	INFO	Listening on port 35737
1560344202040	Marionette	WARN	TLS certificate errors will be ignored for this session
IPDL protocol Error: Received an invalid file descriptor
Exiting due to channel error.
Exiting due to channel error.
Exiting due to channel error.
1560344296207	mozrunner::runner	INFO	Running command: "/usr/bin/firefox" "-marionette" "-foreground" "-no-remote" "-profile" "/tmp/rust_mozprofile.YWlRV3DKnML9"
1560344296568	addons.webextension.screenshots@mozilla.org	WARN	Loading extension 'screenshots@mozilla.org': Reading manifest: Invalid extension permission: mozillaAddons
1560344296568	addons.webextension.screenshots@mozilla.org	WARN	Loading extension 'screenshots@mozilla.org': Reading manifest: Invalid extension permission: resource://pdf.js/
1560344296568	addons.webextension.screenshots@mozilla.org	WARN	Loading extension 'screenshots@mozilla.org': Reading manifest: Invalid extension permission: about:reader*
IPDL protocol Error: Received an invalid file descriptor
IPDL protocol Error: Received an invalid file descriptor
1560344297579	Marionette	INFO	Listening on port 38415
1560344297620	Marionette	WARN	TLS certificate errors will be ignored for this session
IPDL protocol Error: Received an invalid file descriptor
1560344302006	Marionette	INFO	Stopped listening on port 38415
1560344307826	mozrunner::runner	INFO	Running command: "/usr/bin/firefox" "-marionette" "-foreground" "-no-remote" "-profile" "/tmp/rust_mozprofile.oya9iVcCFC34"
1560344308176	addons.webextension.screenshots@mozilla.org	WARN	Loading extension 'screenshots@mozilla.org': Reading manifest: Invalid extension permission: mozillaAddons
1560344308176	addons.webextension.screenshots@mozilla.org	WARN	Loading extension 'screenshots@mozilla.org': Reading manifest: Invalid extension permission: resource://pdf.js/
1560344308176	addons.webextension.screenshots@mozilla.org	WARN	Loading extension 'screenshots@mozilla.org': Reading manifest: Invalid extension permission: about:reader*
IPDL protocol Error: Received an invalid file descriptor
IPDL protocol Error: Received an invalid file descriptor
1560344309312	Marionette	INFO	Listening on port 38033
1560344309348	Marionette	WARN	TLS certificate errors will be ignored for this session
IPDL protocol Error: Received an invalid file descriptor
Exiting due to channel error.
Exiting due to channel error.
Exiting due to channel error.
1560344682891	mozrunner::runner	INFO	Running command: "/usr/bin/firefox" "-marionette" "-foreground" "-no-remote" "-profile" "/tmp/rust_mozprofile.SBQNHP6ptfjq"
1560344683232	addons.webextension.screenshots@mozilla.org	WARN	Loading extension 'screenshots@mozilla.org': Reading manifest: Invalid extension permission: mozillaAddons
1560344683232	addons.webextension.screenshots@mozilla.org	WARN	Loading extension 'screenshots@mozilla.org': Reading manifest: Invalid extension permission: resource://pdf.js/
1560344683232	addons.webextension.screenshots@mozilla.org	WARN	Loading extension 'screenshots@mozilla.org': Reading manifest: Invalid extension permission: about:reader*
IPDL protocol Error: Received an invalid file descriptor
IPDL protocol Error: Received an invalid file descriptor
1560344684270	Marionette	INFO	Listening on port 45603
1560344684304	Marionette	WARN	TLS certificate errors will be ignored for this session
IPDL protocol Error: Received an invalid file descriptor
Exiting due to channel error.
Exiting due to channel error.
Exiting due to channel error.
1560344918365	mozrunner::runner	INFO	Running command: "/usr/bin/firefox" "-marionette" "-foreground" "-no-remote" "-profile" "/tmp/rust_mozprofile.i68gnVag6v6y"
1560344918715	addons.webextension.screenshots@mozilla.org	WARN	Loading extension 'screenshots@mozilla.org': Reading manifest: Invalid extension permission: mozillaAddons
1560344918716	addons.webextension.screenshots@mozilla.org	WARN	Loading extension 'screenshots@mozilla.org': Reading manifest: Invalid extension permission: resource://pdf.js/
1560344918716	addons.webextension.screenshots@mozilla.org	WARN	Loading extension 'screenshots@mozilla.org': Reading manifest: Invalid extension permission: about:reader*
IPDL protocol Error: Received an invalid file descriptor
IPDL protocol Error: Received an invalid file descriptor
1560344919771	Marionette	INFO	Listening on port 44961
1560344919870	Marionette	WARN	TLS certificate errors will be ignored for this session
IPDL protocol Error: Received an invalid file descriptor
Exiting due to channel error.
Exiting due to channel error.
Exiting due to channel error.
1560346075178	mozrunner::runner	INFO	Running command: "/usr/bin/firefox" "-marionette" "-foreground" "-no-remote" "-profile" "/tmp/rust_mozprofile.6KZ8KsN5Zk2V"
1560346075544	addons.webextension.screenshots@mozilla.org	WARN	Loading extension 'screenshots@mozilla.org': Reading manifest: Invalid extension permission: mozillaAddons
1560346075545	addons.webextension.screenshots@mozilla.org	WARN	Loading extension 'screenshots@mozilla.org': Reading manifest: Invalid extension permission: resource://pdf.js/
1560346075545	addons.webextension.screenshots@mozilla.org	WARN	Loading extension 'screenshots@mozilla.org': Reading manifest: Invalid extension permission: about:reader*
IPDL protocol Error: Received an invalid file descriptor
IPDL protocol Error: Received an invalid file descriptor
1560346076560	Marionette	INFO	Listening on port 41235
1560346076587	Marionette	WARN	TLS certificate errors will be ignored for this session
IPDL protocol Error: Received an invalid file descriptor
console.error: BroadcastService: 
  receivedBroadcastMessage: handler for
  remote-settings/monitor_changes
  threw error:
  Message: Error: Polling for changes failed: NetworkError when attempting to fetch resource..
  Stack:
    remoteSettingsFunction/remoteSettings.pollChanges@resource://services-settings/remote-settings.js:190:13

[Parent 6680, Gecko_IOThread] WARNING: pipe error (97): Connection reset by peer: file /build/firefox/src/mozilla-unified/ipc/chromium/src/chrome/common/ipc_channel_posix.cc, line 357
[Parent 6680, Gecko_IOThread] WARNING: pipe error (121): Connection reset by peer: file /build/firefox/src/mozilla-unified/ipc/chromium/src/chrome/common/ipc_channel_posix.cc, line 357
1560346158435	Marionette	INFO	Stopped listening on port 41235
1560346210862	mozrunner::runner	INFO	Running command: "/usr/bin/firefox" "-marionette" "-foreground" "-no-remote" "-profile" "/tmp/rust_mozprofile.xM3QBFzszPu1"
1560346211260	addons.webextension.screenshots@mozilla.org	WARN	Loading extension 'screenshots@mozilla.org': Reading manifest: Invalid extension permission: mozillaAddons
1560346211260	addons.webextension.screenshots@mozilla.org	WARN	Loading extension 'screenshots@mozilla.org': Reading manifest: Invalid extension permission: resource://pdf.js/
1560346211260	addons.webextension.screenshots@mozilla.org	WARN	Loading extension 'screenshots@mozilla.org': Reading manifest: Invalid extension permission: about:reader*
IPDL protocol Error: Received an invalid file descriptor
IPDL protocol Error: Received an invalid file descriptor
1560346212346	Marionette	INFO	Listening on port 40845
1560346212383	Marionette	WARN	TLS certificate errors will be ignored for this session
IPDL protocol Error: Received an invalid file descriptor
[Parent 12818, Gecko_IOThread] WARNING: pipe error (68): Connection reset by peer: file /build/firefox/src/mozilla-unified/ipc/chromium/src/chrome/common/ipc_channel_posix.cc, line 357
[Parent 12818, Gecko_IOThread] WARNING: pipe error (94): Connection reset by peer: file /build/firefox/src/mozilla-unified/ipc/chromium/src/chrome/common/ipc_channel_posix.cc, line 357
1560346228058	Marionette	INFO	Stopped listening on port 40845
1560346232365	mozrunner::runner	INFO	Running command: "/usr/bin/firefox" "-marionette" "-foreground" "-no-remote" "-profile" "/tmp/rust_mozprofile.5gSnPrWv5IPL"
1560346232729	addons.webextension.screenshots@mozilla.org	WARN	Loading extension 'screenshots@mozilla.org': Reading manifest: Invalid extension permission: mozillaAddons
1560346232729	addons.webextension.screenshots@mozilla.org	WARN	Loading extension 'screenshots@mozilla.org': Reading manifest: Invalid extension permission: resource://pdf.js/
1560346232730	addons.webextension.screenshots@mozilla.org	WARN	Loading extension 'screenshots@mozilla.org': Reading manifest: Invalid extension permission: about:reader*
IPDL protocol Error: Received an invalid file descriptor
IPDL protocol Error: Received an invalid file descriptor
1560346233752	Marionette	INFO	Listening on port 34575
1560346233779	Marionette	WARN	TLS certificate errors will be ignored for this session
IPDL protocol Error: Received an invalid file descriptor
console.error: BroadcastService: 
  receivedBroadcastMessage: handler for
  remote-settings/monitor_changes
  threw error:
  Message: Error: Polling for changes failed: NetworkError when attempting to fetch resource..
  Stack:
    remoteSettingsFunction/remoteSettings.pollChanges@resource://services-settings/remote-settings.js:190:13

Exiting due to channel error.
Exiting due to channel error.
Exiting due to channel error.
1560349768940	mozrunner::runner	INFO	Running command: "/usr/bin/firefox" "-marionette" "-foreground" "-no-remote" "-profile" "/tmp/rust_mozprofile.JXZlyZ0s67gm"
1560349769296	addons.webextension.screenshots@mozilla.org	WARN	Loading extension 'screenshots@mozilla.org': Reading manifest: Invalid extension permission: mozillaAddons
1560349769297	addons.webextension.screenshots@mozilla.org	WARN	Loading extension 'screenshots@mozilla.org': Reading manifest: Invalid extension permission: resource://pdf.js/
1560349769297	addons.webextension.screenshots@mozilla.org	WARN	Loading extension 'screenshots@mozilla.org': Reading manifest: Invalid extension permission: about:reader*
IPDL protocol Error: Received an invalid file descriptor
IPDL protocol Error: Received an invalid file descriptor
1560349770396	Marionette	INFO	Listening on port 43735
1560349770446	Marionette	WARN	TLS certificate errors will be ignored for this session
IPDL protocol Error: Received an invalid file descriptor
console.error: BroadcastService: 
  receivedBroadcastMessage: handler for
  remote-settings/monitor_changes
  threw error:
  Message: Error: Polling for changes failed: NetworkError when attempting to fetch resource..
  Stack:
    remoteSettingsFunction/remoteSettings.pollChanges@resource://services-settings/remote-settings.js:190:13

Exiting due to channel error.
Exiting due to channel error.
Exiting due to channel error.
1560349866980	mozrunner::runner	INFO	Running command: "/usr/bin/firefox" "-marionette" "-foreground" "-no-remote" "-profile" "/tmp/rust_mozprofile.fcF31m1uN9qE"
1560349867368	addons.webextension.screenshots@mozilla.org	WARN	Loading extension 'screenshots@mozilla.org': Reading manifest: Invalid extension permission: mozillaAddons
1560349867369	addons.webextension.screenshots@mozilla.org	WARN	Loading extension 'screenshots@mozilla.org': Reading manifest: Invalid extension permission: resource://pdf.js/
1560349867369	addons.webextension.screenshots@mozilla.org	WARN	Loading extension 'screenshots@mozilla.org': Reading manifest: Invalid extension permission: about:reader*
IPDL protocol Error: Received an invalid file descriptor
IPDL protocol Error: Received an invalid file descriptor
1560349868448	Marionette	INFO	Listening on port 39799
1560349868487	Marionette	WARN	TLS certificate errors will be ignored for this session
IPDL protocol Error: Received an invalid file descriptor
[Parent 25997, Gecko_IOThread] WARNING: pipe error (68): Connection reset by peer: file /build/firefox/src/mozilla-unified/ipc/chromium/src/chrome/common/ipc_channel_posix.cc, line 357
[Parent 25997, Gecko_IOThread] WARNING: pipe error (79): Connection reset by peer: file /build/firefox/src/mozilla-unified/ipc/chromium/src/chrome/common/ipc_channel_posix.cc, line 357
[Parent 25997, Gecko_IOThread] WARNING: pipe error (120): Connection reset by peer: file /build/firefox/src/mozilla-unified/ipc/chromium/src/chrome/common/ipc_channel_posix.cc, line 357
1560349885244	Marionette	INFO	Stopped listening on port 39799
1560349887159	mozrunner::runner	INFO	Running command: "/usr/bin/firefox" "-marionette" "-foreground" "-no-remote" "-profile" "/tmp/rust_mozprofile.LWtrdKTeeVeD"
1560349887519	addons.webextension.screenshots@mozilla.org	WARN	Loading extension 'screenshots@mozilla.org': Reading manifest: Invalid extension permission: mozillaAddons
1560349887519	addons.webextension.screenshots@mozilla.org	WARN	Loading extension 'screenshots@mozilla.org': Reading manifest: Invalid extension permission: resource://pdf.js/
1560349887519	addons.webextension.screenshots@mozilla.org	WARN	Loading extension 'screenshots@mozilla.org': Reading manifest: Invalid extension permission: about:reader*
IPDL protocol Error: Received an invalid file descriptor
IPDL protocol Error: Received an invalid file descriptor
1560349888599	Marionette	INFO	Listening on port 34175
1560349888676	Marionette	WARN	TLS certificate errors will be ignored for this session
IPDL protocol Error: Received an invalid file descriptor
console.error: BroadcastService: 
  receivedBroadcastMessage: handler for
  remote-settings/monitor_changes
  threw error:
  Message: Error: Polling for changes failed: NetworkError when attempting to fetch resource..
  Stack:
    remoteSettingsFunction/remoteSettings.pollChanges@resource://services-settings/remote-settings.js:190:13

[Parent 27180, Gecko_IOThread] WARNING: pipe error (68): Connection reset by peer: file /build/firefox/src/mozilla-unified/ipc/chromium/src/chrome/common/ipc_channel_posix.cc, line 357
[Parent 27180, Gecko_IOThread] WARNING: pipe error (91): Connection reset by peer: file /build/firefox/src/mozilla-unified/ipc/chromium/src/chrome/common/ipc_channel_posix.cc, line 357
[Parent 27180, Gecko_IOThread] WARNING: pipe error (121): Connection reset by peer: file /build/firefox/src/mozilla-unified/ipc/chromium/src/chrome/common/ipc_channel_posix.cc, line 357
1560349944521	Marionette	INFO	Stopped listening on port 34175
JavaScript error: resource://gre/modules/osfile/osfile_async_front.jsm, line 404: Error: OS.File has been shut down. Rejecting post to stat
1560349992307	mozrunner::runner	INFO	Running command: "/usr/bin/firefox" "-marionette" "-foreground" "-no-remote" "-profile" "/tmp/rust_mozprofile.Cz6B8A7shzG8"
1560349992666	addons.webextension.screenshots@mozilla.org	WARN	Loading extension 'screenshots@mozilla.org': Reading manifest: Invalid extension permission: mozillaAddons
1560349992667	addons.webextension.screenshots@mozilla.org	WARN	Loading extension 'screenshots@mozilla.org': Reading manifest: Invalid extension permission: resource://pdf.js/
1560349992667	addons.webextension.screenshots@mozilla.org	WARN	Loading extension 'screenshots@mozilla.org': Reading manifest: Invalid extension permission: about:reader*
IPDL protocol Error: Received an invalid file descriptor
IPDL protocol Error: Received an invalid file descriptor
1560349993738	Marionette	INFO	Listening on port 43743
1560349993826	Marionette	WARN	TLS certificate errors will be ignored for this session
IPDL protocol Error: Received an invalid file descriptor
Exiting due to channel error.
Exiting due to channel error.
Exiting due to channel error.
1560350806021	mozrunner::runner	INFO	Running command: "/usr/bin/firefox" "-marionette" "-foreground" "-no-remote" "-profile" "/tmp/rust_mozprofile.hzmrOj6NqYHD"
1560350806568	addons.webextension.screenshots@mozilla.org	WARN	Loading extension 'screenshots@mozilla.org': Reading manifest: Invalid extension permission: mozillaAddons
1560350806568	addons.webextension.screenshots@mozilla.org	WARN	Loading extension 'screenshots@mozilla.org': Reading manifest: Invalid extension permission: resource://pdf.js/
1560350806568	addons.webextension.screenshots@mozilla.org	WARN	Loading extension 'screenshots@mozilla.org': Reading manifest: Invalid extension permission: about:reader*
IPDL protocol Error: Received an invalid file descriptor
IPDL protocol Error: Received an invalid file descriptor
1560350808226	Marionette	INFO	Listening on port 34297
1560350808233	Marionette	WARN	TLS certificate errors will be ignored for this session
IPDL protocol Error: Received an invalid file descriptor
console.error: BroadcastService: 
  receivedBroadcastMessage: handler for
  remote-settings/monitor_changes
  threw error:
  Message: Error: Polling for changes failed: NetworkError when attempting to fetch resource..
  Stack:
    remoteSettingsFunction/remoteSettings.pollChanges@resource://services-settings/remote-settings.js:190:13

Exiting due to channel error.
Exiting due to channel error.
[GFX1-]: Receive IPC close with reason=AbnormalShutdown
Exiting due to channel error.
1560351250347	mozrunner::runner	INFO	Running command: "/usr/bin/firefox" "-marionette" "-foreground" "-no-remote" "-profile" "/tmp/rust_mozprofile.iAXalbrNbk6Y"
1560351250757	addons.webextension.screenshots@mozilla.org	WARN	Loading extension 'screenshots@mozilla.org': Reading manifest: Invalid extension permission: mozillaAddons
1560351250758	addons.webextension.screenshots@mozilla.org	WARN	Loading extension 'screenshots@mozilla.org': Reading manifest: Invalid extension permission: resource://pdf.js/
1560351250758	addons.webextension.screenshots@mozilla.org	WARN	Loading extension 'screenshots@mozilla.org': Reading manifest: Invalid extension permission: about:reader*
IPDL protocol Error: Received an invalid file descriptor
IPDL protocol Error: Received an invalid file descriptor
1560351251877	Marionette	INFO	Listening on port 44471
1560351251995	Marionette	WARN	TLS certificate errors will be ignored for this session
IPDL protocol Error: Received an invalid file descriptor
Exiting due to channel error.
Exiting due to channel error.
Exiting due to channel error.
